{"/Users/kenny/ombori/src/components/Navbar/Navbar.tsx": {"path":"/Users/kenny/ombori/src/components/Navbar/Navbar.tsx","statementMap":{"0":{"start":{"line":1,"column":0},"end":{"line":1,"column":26}},"1":{"start":{"line":2,"column":0},"end":{"line":2,"column":65}},"2":{"start":{"line":3,"column":0},"end":{"line":3,"column":65}},"3":{"start":{"line":4,"column":0},"end":{"line":4,"column":23}},"4":{"start":{"line":7,"column":15},"end":{"line":19,"column":1}},"5":{"start":{"line":7,"column":17},"end":{"line":7,"column":23}},"6":{"start":{"line":7,"column":25},"end":{"line":7,"column":38}},"7":{"start":{"line":8,"column":4},"end":{"line":18,"column":6}},"8":{"start":{"line":14,"column":56},"end":{"line":14,"column":null}},"9":{"start":{"line":21,"column":0},"end":{"line":21,"column":22}}},"fnMap":{"0":{"name":"(anonymous_1)","decl":{"start":{"line":7,"column":15},"end":{"line":7,"column":16}},"loc":{"start":{"line":7,"column":47},"end":{"line":19,"column":1}}},"1":{"name":"(anonymous_2)","decl":{"start":{"line":10,"column":68},"end":{"line":10,"column":73}},"loc":{"start":{"line":10,"column":68},"end":{"line":10,"column":74}}},"2":{"name":"(anonymous_3)","decl":{"start":{"line":14,"column":52},"end":{"line":14,"column":56}},"loc":{"start":{"line":14,"column":52},"end":{"line":14,"column":69}}}},"branchMap":{"0":{"loc":{"start":{"line":15,"column":66},"end":{"line":15,"column":77}},"type":"cond-expr","locations":[{"start":{"line":15,"column":66},"end":{"line":15,"column":77}},{"start":{"line":15,"column":80},"end":{"line":15,"column":82}}]}},"s":{"0":2,"1":2,"2":2,"3":2,"4":2,"5":4,"6":4,"7":4,"8":1,"9":2},"f":{"0":4,"1":0,"2":1},"b":{"0":[2,2]}}
,"/Users/kenny/ombori/src/components/Users/Users.tsx": {"path":"/Users/kenny/ombori/src/components/Users/Users.tsx","statementMap":{"0":{"start":{"line":1,"column":0},"end":{"line":1,"column":49}},"1":{"start":{"line":2,"column":0},"end":{"line":2,"column":22}},"2":{"start":{"line":3,"column":0},"end":{"line":3,"column":32}},"3":{"start":{"line":4,"column":0},"end":{"line":4,"column":38}},"4":{"start":{"line":6,"column":0},"end":{"line":6,"column":65}},"5":{"start":{"line":8,"column":14},"end":{"line":93,"column":1}},"6":{"start":{"line":8,"column":16},"end":{"line":8,"column":22}},"7":{"start":{"line":9,"column":4},"end":{"line":9,"column":25}},"8":{"start":{"line":9,"column":25},"end":{"line":9,"column":37}},"9":{"start":{"line":9,"column":37},"end":{"line":9,"column":48}},"10":{"start":{"line":9,"column":48},"end":{"line":9,"column":62}},"11":{"start":{"line":9,"column":62},"end":{"line":9,"column":78}},"12":{"start":{"line":10,"column":10},"end":{"line":10,"column":11}},"13":{"start":{"line":10,"column":11},"end":{"line":10,"column":21}},"14":{"start":{"line":10,"column":23},"end":{"line":10,"column":46}},"15":{"start":{"line":11,"column":10},"end":{"line":11,"column":11}},"16":{"start":{"line":11,"column":11},"end":{"line":11,"column":23}},"17":{"start":{"line":11,"column":25},"end":{"line":11,"column":49}},"18":{"start":{"line":12,"column":10},"end":{"line":12,"column":11}},"19":{"start":{"line":12,"column":11},"end":{"line":12,"column":24}},"20":{"start":{"line":12,"column":26},"end":{"line":12,"column":53}},"21":{"start":{"line":13,"column":10},"end":{"line":13,"column":11}},"22":{"start":{"line":13,"column":11},"end":{"line":13,"column":27}},"23":{"start":{"line":13,"column":29},"end":{"line":13,"column":72}},"24":{"start":{"line":14,"column":10},"end":{"line":14,"column":11}},"25":{"start":{"line":14,"column":11},"end":{"line":14,"column":22}},"26":{"start":{"line":14,"column":24},"end":{"line":14,"column":49}},"27":{"start":{"line":17,"column":4},"end":{"line":31,"column":11}},"28":{"start":{"line":18,"column":8},"end":{"line":18,"column":21}},"29":{"start":{"line":19,"column":8},"end":{"line":30,"column":16}},"30":{"start":{"line":20,"column":12},"end":{"line":29,"column":14}},"31":{"start":{"line":22,"column":23},"end":{"line":22,"column":null}},"32":{"start":{"line":25,"column":20},"end":{"line":25,"column":43}},"33":{"start":{"line":26,"column":20},"end":{"line":26,"column":44}},"34":{"start":{"line":27,"column":20},"end":{"line":27,"column":46}},"35":{"start":{"line":34,"column":3},"end":{"line":40,"column":22}},"36":{"start":{"line":35,"column":37},"end":{"line":35,"column":39}},"37":{"start":{"line":36,"column":8},"end":{"line":38,"column":11}},"38":{"start":{"line":37,"column":12},"end":{"line":37,"column":38}},"39":{"start":{"line":39,"column":8},"end":{"line":39,"column":39}},"40":{"start":{"line":43,"column":26},"end":{"line":67,"column":5}},"41":{"start":{"line":44,"column":8},"end":{"line":66,"column":null}},"42":{"start":{"line":45,"column":12},"end":{"line":45,"column":44}},"43":{"start":{"line":46,"column":12},"end":{"line":63,"column":21}},"44":{"start":{"line":47,"column":16},"end":{"line":62,"column":18}},"45":{"start":{"line":49,"column":27},"end":{"line":49,"column":null}},"46":{"start":{"line":52,"column":24},"end":{"line":60,"column":null}},"47":{"start":{"line":53,"column":57},"end":{"line":53,"column":59}},"48":{"start":{"line":54,"column":28},"end":{"line":56,"column":31}},"49":{"start":{"line":55,"column":32},"end":{"line":55,"column":58}},"50":{"start":{"line":57,"column":28},"end":{"line":57,"column":82}},"51":{"start":{"line":58,"column":28},"end":{"line":58,"column":50}},"52":{"start":{"line":59,"column":28},"end":{"line":59,"column":60}},"53":{"start":{"line":65,"column":12},"end":{"line":65,"column":20}},"54":{"start":{"line":70,"column":24},"end":{"line":78,"column":4}},"55":{"start":{"line":71,"column":8},"end":{"line":73,"column":null}},"56":{"start":{"line":72,"column":12},"end":{"line":72,"column":113}},"57":{"start":{"line":75,"column":8},"end":{"line":77,"column":null}},"58":{"start":{"line":76,"column":12},"end":{"line":76,"column":44}},"59":{"start":{"line":81,"column":4},"end":{"line":92,"column":6}},"60":{"start":{"line":86,"column":68},"end":{"line":86,"column":182}},"61":{"start":{"line":95,"column":0},"end":{"line":95,"column":21}}},"fnMap":{"0":{"name":"(anonymous_3)","decl":{"start":{"line":8,"column":14},"end":{"line":8,"column":15}},"loc":{"start":{"line":8,"column":31},"end":{"line":93,"column":1}}},"1":{"name":"(anonymous_4)","decl":{"start":{"line":9,"column":4},"end":{"line":9,"column":9}},"loc":{"start":{"line":9,"column":22},"end":{"line":9,"column":78}}},"2":{"name":"(anonymous_5)","decl":{"start":{"line":17,"column":14},"end":{"line":17,"column":null}},"loc":{"start":{"line":17,"column":14},"end":{"line":31,"column":5}}},"3":{"name":"(anonymous_6)","decl":{"start":{"line":19,"column":19},"end":{"line":19,"column":null}},"loc":{"start":{"line":19,"column":19},"end":{"line":30,"column":9}}},"4":{"name":"(anonymous_7)","decl":{"start":{"line":22,"column":16},"end":{"line":22,"column":19}},"loc":{"start":{"line":22,"column":19},"end":{"line":22,"column":26}}},"5":{"name":"(anonymous_8)","decl":{"start":{"line":24,"column":16},"end":{"line":24,"column":23}},"loc":{"start":{"line":24,"column":23},"end":{"line":28,"column":17}}},"6":{"name":"(anonymous_9)","decl":{"start":{"line":34,"column":13},"end":{"line":34,"column":null}},"loc":{"start":{"line":34,"column":13},"end":{"line":40,"column":4}}},"7":{"name":"(anonymous_10)","decl":{"start":{"line":36,"column":29},"end":{"line":36,"column":30}},"loc":{"start":{"line":36,"column":34},"end":{"line":38,"column":9}}},"8":{"name":"(anonymous_11)","decl":{"start":{"line":43,"column":26},"end":{"line":43,"column":27}},"loc":{"start":{"line":43,"column":41},"end":{"line":67,"column":5}}},"9":{"name":"(anonymous_12)","decl":{"start":{"line":46,"column":23},"end":{"line":46,"column":null}},"loc":{"start":{"line":46,"column":23},"end":{"line":63,"column":13}}},"10":{"name":"(anonymous_13)","decl":{"start":{"line":49,"column":20},"end":{"line":49,"column":23}},"loc":{"start":{"line":49,"column":23},"end":{"line":49,"column":30}}},"11":{"name":"(anonymous_14)","decl":{"start":{"line":51,"column":20},"end":{"line":51,"column":27}},"loc":{"start":{"line":51,"column":27},"end":{"line":61,"column":21}}},"12":{"name":"(anonymous_15)","decl":{"start":{"line":54,"column":49},"end":{"line":54,"column":50}},"loc":{"start":{"line":54,"column":70},"end":{"line":56,"column":29}}},"13":{"name":"(anonymous_16)","decl":{"start":{"line":70,"column":24},"end":{"line":70,"column":25}},"loc":{"start":{"line":70,"column":31},"end":{"line":78,"column":4}}},"14":{"name":"(anonymous_17)","decl":{"start":{"line":75,"column":19},"end":{"line":75,"column":null}},"loc":{"start":{"line":75,"column":19},"end":{"line":77,"column":9}}},"15":{"name":"(anonymous_18)","decl":{"start":{"line":86,"column":38},"end":{"line":86,"column":39}},"loc":{"start":{"line":86,"column":63},"end":{"line":86,"column":69}}}},"branchMap":{"0":{"loc":{"start":{"line":9,"column":9},"end":{"line":9,"column":22}},"type":"binary-expr","locations":[{"start":{"line":9,"column":9},"end":{"line":9,"column":22}},{"start":{"line":9,"column":9},"end":{"line":9,"column":25}}]},"1":{"loc":{"start":{"line":52,"column":24},"end":{"line":60,"column":null}},"type":"if","locations":[{"start":{"line":52,"column":24},"end":{"line":60,"column":null}},{"start":{"line":52,"column":24},"end":{"line":60,"column":null}}]},"2":{"loc":{"start":{"line":71,"column":8},"end":{"line":73,"column":null}},"type":"if","locations":[{"start":{"line":71,"column":8},"end":{"line":73,"column":null}},{"start":{"line":71,"column":8},"end":{"line":73,"column":null}}]},"3":{"loc":{"start":{"line":72,"column":52},"end":{"line":72,"column":83}},"type":"cond-expr","locations":[{"start":{"line":72,"column":52},"end":{"line":72,"column":83}},{"start":{"line":72,"column":86},"end":{"line":72,"column":112}}]},"4":{"loc":{"start":{"line":83,"column":45},"end":{"line":83,"column":54}},"type":"cond-expr","locations":[{"start":{"line":83,"column":45},"end":{"line":83,"column":54}},{"start":{"line":83,"column":57},"end":{"line":83,"column":59}}]},"5":{"loc":{"start":{"line":85,"column":50},"end":{"line":85,"column":72}},"type":"cond-expr","locations":[{"start":{"line":85,"column":50},"end":{"line":85,"column":72}},{"start":{"line":86,"column":20},"end":{"line":86,"column":182}}]},"6":{"loc":{"start":{"line":89,"column":53},"end":{"line":89,"column":74}},"type":"cond-expr","locations":[{"start":{"line":89,"column":53},"end":{"line":89,"column":74}},{"start":{"line":89,"column":77},"end":{"line":89,"column":90}}]},"7":{"loc":{"start":{"line":90,"column":53},"end":{"line":90,"column":98}},"type":"cond-expr","locations":[{"start":{"line":90,"column":53},"end":{"line":90,"column":98}},{"start":{"line":90,"column":101},"end":{"line":90,"column":114}}]}},"s":{"0":2,"1":2,"2":2,"3":2,"4":2,"5":2,"6":1,"7":1,"8":1,"9":1,"10":1,"11":1,"12":1,"13":1,"14":1,"15":1,"16":1,"17":1,"18":1,"19":1,"20":1,"21":1,"22":1,"23":1,"24":1,"25":1,"26":1,"27":1,"28":0,"29":0,"30":0,"31":0,"32":0,"33":0,"34":0,"35":1,"36":0,"37":0,"38":0,"39":0,"40":1,"41":0,"42":0,"43":0,"44":0,"45":0,"46":0,"47":0,"48":0,"49":0,"50":0,"51":0,"52":0,"53":0,"54":1,"55":0,"56":0,"57":0,"58":0,"59":1,"60":0,"61":2},"f":{"0":1,"1":1,"2":0,"3":0,"4":0,"5":0,"6":0,"7":0,"8":0,"9":0,"10":0,"11":0,"12":0,"13":0,"14":0,"15":0},"b":{"0":[1,1],"1":[0,0],"2":[0,0],"3":[0,0],"4":[1,0],"5":[1,0],"6":[0,1],"7":[0,1]}}
}
