TN:
SF:src/components/Navbar/Navbar.tsx
FN:7,(anonymous_1)
FN:10,(anonymous_2)
FN:14,(anonymous_3)
FNF:3
FNH:2
FNDA:4,(anonymous_1)
FNDA:0,(anonymous_2)
FNDA:1,(anonymous_3)
DA:1,2
DA:2,2
DA:3,2
DA:4,2
DA:7,4
DA:8,4
DA:14,1
DA:21,2
LF:8
LH:8
BRDA:15,0,0,2
BRDA:15,0,1,2
BRF:2
BRH:2
end_of_record
TN:
SF:src/components/Users/Users.tsx
FN:8,(anonymous_3)
FN:9,(anonymous_4)
FN:17,(anonymous_5)
FN:19,(anonymous_6)
FN:22,(anonymous_7)
FN:24,(anonymous_8)
FN:34,(anonymous_9)
FN:36,(anonymous_10)
FN:43,(anonymous_11)
FN:46,(anonymous_12)
FN:49,(anonymous_13)
FN:51,(anonymous_14)
FN:54,(anonymous_15)
FN:70,(anonymous_16)
FN:75,(anonymous_17)
FN:86,(anonymous_18)
FNF:16
FNH:2
FNDA:1,(anonymous_3)
FNDA:1,(anonymous_4)
FNDA:0,(anonymous_5)
FNDA:0,(anonymous_6)
FNDA:0,(anonymous_7)
FNDA:0,(anonymous_8)
FNDA:0,(anonymous_9)
FNDA:0,(anonymous_10)
FNDA:0,(anonymous_11)
FNDA:0,(anonymous_12)
FNDA:0,(anonymous_13)
FNDA:0,(anonymous_14)
FNDA:0,(anonymous_15)
FNDA:0,(anonymous_16)
FNDA:0,(anonymous_17)
FNDA:0,(anonymous_18)
DA:1,2
DA:2,2
DA:3,2
DA:4,2
DA:6,2
DA:8,2
DA:9,1
DA:10,1
DA:11,1
DA:12,1
DA:13,1
DA:14,1
DA:17,1
DA:18,0
DA:19,0
DA:20,0
DA:22,0
DA:25,0
DA:26,0
DA:27,0
DA:34,1
DA:35,0
DA:36,0
DA:37,0
DA:39,0
DA:43,1
DA:44,0
DA:45,0
DA:46,0
DA:47,0
DA:49,0
DA:52,0
DA:53,0
DA:54,0
DA:55,0
DA:57,0
DA:58,0
DA:59,0
DA:65,0
DA:70,1
DA:71,0
DA:72,0
DA:75,0
DA:76,0
DA:81,1
DA:86,0
DA:95,2
LF:47
LH:18
BRDA:9,0,0,1
BRDA:9,0,1,1
BRDA:52,1,0,0
BRDA:52,1,1,0
BRDA:71,2,0,0
BRDA:71,2,1,0
BRDA:72,3,0,0
BRDA:72,3,1,0
BRDA:83,4,0,1
BRDA:83,4,1,0
BRDA:85,5,0,1
BRDA:85,5,1,0
BRDA:89,6,0,0
BRDA:89,6,1,1
BRDA:90,7,0,0
BRDA:90,7,1,1
BRF:16
BRH:6
end_of_record
