TN:
SF:src/components/Loader/Loader.tsx
FN:5,(anonymous_1)
FNF:1
FNH:1
FNDA:4,(anonymous_1)
DA:1,4
DA:2,4
DA:5,4
DA:6,4
DA:9,4
LF:5
LH:5
BRDA:6,0,0,1
BRDA:6,0,1,3
BRF:2
BRH:2
end_of_record
TN:
SF:src/components/Main/Main.tsx
FN:7,(anonymous_1)
FNF:1
FNH:1
FNDA:2,(anonymous_1)
DA:1,2
DA:2,2
DA:3,2
DA:4,2
DA:7,2
DA:8,2
DA:16,2
LF:7
LH:7
BRDA:9,0,0,1
BRDA:9,0,1,1
BRF:2
BRH:2
end_of_record
TN:
SF:src/components/Navbar/Navbar.tsx
FN:7,(anonymous_1)
FN:10,(anonymous_2)
FN:14,(anonymous_3)
FNF:3
FNH:2
FNDA:7,(anonymous_1)
FNDA:0,(anonymous_2)
FNDA:2,(anonymous_3)
DA:1,3
DA:2,3
DA:3,3
DA:4,3
DA:7,7
DA:8,7
DA:14,2
DA:21,3
LF:8
LH:8
BRDA:15,0,0,4
BRDA:15,0,1,3
BRF:2
BRH:2
end_of_record
TN:
SF:src/components/NotificationBox/NotificationBox.tsx
FN:5,(anonymous_1)
FNF:1
FNH:1
FNDA:1,(anonymous_1)
DA:1,4
DA:2,4
DA:5,4
DA:6,1
DA:13,4
LF:5
LH:5
BRF:0
BRH:0
end_of_record
TN:
SF:src/components/Sidebar/Sidebar.tsx
FN:5,(anonymous_1)
FN:10,(anonymous_2)
FNF:2
FNH:2
FNDA:3,(anonymous_1)
FNDA:1,(anonymous_2)
DA:1,2
DA:2,2
DA:5,3
DA:6,3
DA:10,1
DA:29,2
LF:6
LH:6
BRDA:7,0,0,2
BRDA:7,0,1,1
BRF:2
BRH:2
end_of_record
TN:
SF:src/components/User/User.tsx
FN:5,(anonymous_1)
FNF:1
FNH:1
FNDA:1,(anonymous_1)
DA:1,4
DA:2,4
DA:5,4
DA:6,1
DA:19,4
LF:5
LH:5
BRF:0
BRH:0
end_of_record
TN:
SF:src/components/Users/Users.tsx
FN:8,(anonymous_3)
FN:9,(anonymous_4)
FN:17,(anonymous_5)
FN:19,(anonymous_6)
FN:22,(anonymous_7)
FN:24,(anonymous_8)
FN:34,(anonymous_9)
FN:36,(anonymous_10)
FN:43,(anonymous_11)
FN:46,(anonymous_12)
FN:49,(anonymous_13)
FN:51,(anonymous_14)
FN:54,(anonymous_15)
FN:70,(anonymous_16)
FN:75,(anonymous_17)
FN:86,(anonymous_18)
FNF:16
FNH:2
FNDA:3,(anonymous_3)
FNDA:3,(anonymous_4)
FNDA:0,(anonymous_5)
FNDA:0,(anonymous_6)
FNDA:0,(anonymous_7)
FNDA:0,(anonymous_8)
FNDA:0,(anonymous_9)
FNDA:0,(anonymous_10)
FNDA:0,(anonymous_11)
FNDA:0,(anonymous_12)
FNDA:0,(anonymous_13)
FNDA:0,(anonymous_14)
FNDA:0,(anonymous_15)
FNDA:0,(anonymous_16)
FNDA:0,(anonymous_17)
FNDA:0,(anonymous_18)
DA:1,3
DA:2,3
DA:3,3
DA:4,3
DA:6,3
DA:8,3
DA:9,3
DA:10,3
DA:11,3
DA:12,3
DA:13,3
DA:14,3
DA:17,3
DA:18,0
DA:19,0
DA:20,0
DA:22,0
DA:25,0
DA:26,0
DA:27,0
DA:34,3
DA:35,0
DA:36,0
DA:37,0
DA:39,0
DA:43,3
DA:44,0
DA:45,0
DA:46,0
DA:47,0
DA:49,0
DA:52,0
DA:53,0
DA:54,0
DA:55,0
DA:57,0
DA:58,0
DA:59,0
DA:65,0
DA:70,3
DA:71,0
DA:72,0
DA:75,0
DA:76,0
DA:81,3
DA:86,0
DA:95,3
LF:47
LH:18
BRDA:9,0,0,3
BRDA:9,0,1,3
BRDA:52,1,0,0
BRDA:52,1,1,0
BRDA:71,2,0,0
BRDA:71,2,1,0
BRDA:72,3,0,0
BRDA:72,3,1,0
BRDA:83,4,0,2
BRDA:83,4,1,1
BRDA:85,5,0,3
BRDA:85,5,1,0
BRDA:89,6,0,0
BRDA:89,6,1,3
BRDA:90,7,0,0
BRDA:90,7,1,3
BRF:16
BRH:7
end_of_record
TN:
SF:src/pages/home/home.tsx
FN:6,(anonymous_2)
FNF:1
FNH:1
FNDA:1,(anonymous_2)
DA:1,1
DA:2,1
DA:3,1
DA:4,1
DA:6,1
DA:7,1
DA:9,1
DA:17,1
LF:8
LH:8
BRF:0
BRH:0
end_of_record
